<?xml version="1.0" encoding="UTF-8"?>
<testng-results ignored="0" total="6" passed="5" failed="1" skipped="0">
  <reporter-output>
  </reporter-output>
  <suite started-at="2022-03-29T22:47:11 IST" name="Suite" finished-at="2022-03-29T22:50:19 IST" duration-ms="188260">
    <groups>
    </groups>
    <test started-at="2022-03-29T22:47:11 IST" name="Smoke" finished-at="2022-03-29T22:49:41 IST" duration-ms="149919">
      <class name="INT.E2EProject.SmokeTest">
        <test-method is-config="true" signature="setUp()[pri:0, instance:INT.E2EProject.SmokeTest@b09fac1]" started-at="2022-03-29T22:47:11 IST" name="setUp" finished-at="2022-03-29T22:47:23 IST" duration-ms="11904" status="PASS">
          <reporter-output>
          </reporter-output>
        </test-method> <!-- setUp -->
        <test-method signature="SignIn(java.lang.String,java.lang.String,java.lang.String)[pri:1, instance:INT.E2EProject.SmokeTest@b09fac1]" started-at="2022-03-29T22:47:23 IST" name="SignIn" data-provider="getData" finished-at="2022-03-29T22:47:23 IST" duration-ms="166" status="PASS">
          <params>
            <param index="0">
              <value>
                <![CDATA[anshuma-int]]>
              </value>
            </param>
            <param index="1">
              <value>
                <![CDATA[password@00]]>
              </value>
            </param>
            <param index="2">
              <value>
                <![CDATA[Correct user is loged in]]>
              </value>
            </param>
          </params>
          <reporter-output>
          </reporter-output>
        </test-method> <!-- SignIn -->
        <test-method signature="Navigation()[pri:2, instance:INT.E2EProject.SmokeTest@b09fac1]" started-at="2022-03-29T22:47:23 IST" name="Navigation" finished-at="2022-03-29T22:47:59 IST" duration-ms="35645" status="PASS">
          <reporter-output>
          </reporter-output>
        </test-method> <!-- Navigation -->
        <test-method signature="SOCreation()[pri:3, instance:INT.E2EProject.SmokeTest@b09fac1]" started-at="2022-03-29T22:47:59 IST" name="SOCreation" finished-at="2022-03-29T22:49:41 IST" duration-ms="101782" status="FAIL">
          <exception class="org.openqa.selenium.ElementNotInteractableException">
            <message>
              <![CDATA[element not interactable
  (Session info: headless chrome=99.0.4844.82)
Build info: version: '4.1.2', revision: '9a5a329c5a'
System info: host: 'LOVE', ip: '192.168.29.157', os.name: 'Windows 10', os.arch: 'amd64', os.version: '10.0', java.version: '17.0.1'
Driver info: org.openqa.selenium.chrome.ChromeDriver
Command: [b14ce2c092182431f27cc4aafe55010c, clickElement {id=f0a1a8e1-2dca-41be-a8bd-14a3fecd3c32}]
Capabilities {acceptInsecureCerts: false, browserName: chrome, browserVersion: 99.0.4844.82, chrome: {chromedriverVersion: 98.0.4758.80 (7f0488e8ba0d8..., userDataDir: C:\Users\Anshuma\AppData\Lo...}, goog:chromeOptions: {debuggerAddress: localhost:63605}, javascriptEnabled: true, networkConnectionEnabled: false, pageLoadStrategy: normal, platform: WINDOWS, platformName: WINDOWS, proxy: Proxy(), se:cdp: ws://localhost:63605/devtoo..., se:cdpVersion: 99.0.4844.82, setWindowRect: true, strictFileInteractability: false, timeouts: {implicit: 0, pageLoad: 300000, script: 30000}, unhandledPromptBehavior: dismiss and notify, webauthn:extension:credBlob: true, webauthn:extension:largeBlob: true, webauthn:virtualAuthenticators: true}
Element: [[ChromeDriver: chrome on WINDOWS (b14ce2c092182431f27cc4aafe55010c)] -> xpath: //table//tr[3]//td[2]//button]
Session ID: b14ce2c092182431f27cc4aafe55010c]]>
            </message>
            <full-stacktrace>
              <![CDATA[org.openqa.selenium.ElementNotInteractableException: element not interactable
  (Session info: headless chrome=99.0.4844.82)
Build info: version: '4.1.2', revision: '9a5a329c5a'
System info: host: 'LOVE', ip: '192.168.29.157', os.name: 'Windows 10', os.arch: 'amd64', os.version: '10.0', java.version: '17.0.1'
Driver info: org.openqa.selenium.chrome.ChromeDriver
Command: [b14ce2c092182431f27cc4aafe55010c, clickElement {id=f0a1a8e1-2dca-41be-a8bd-14a3fecd3c32}]
Capabilities {acceptInsecureCerts: false, browserName: chrome, browserVersion: 99.0.4844.82, chrome: {chromedriverVersion: 98.0.4758.80 (7f0488e8ba0d8..., userDataDir: C:\Users\Anshuma\AppData\Lo...}, goog:chromeOptions: {debuggerAddress: localhost:63605}, javascriptEnabled: true, networkConnectionEnabled: false, pageLoadStrategy: normal, platform: WINDOWS, platformName: WINDOWS, proxy: Proxy(), se:cdp: ws://localhost:63605/devtoo..., se:cdpVersion: 99.0.4844.82, setWindowRect: true, strictFileInteractability: false, timeouts: {implicit: 0, pageLoad: 300000, script: 30000}, unhandledPromptBehavior: dismiss and notify, webauthn:extension:credBlob: true, webauthn:extension:largeBlob: true, webauthn:virtualAuthenticators: true}
Element: [[ChromeDriver: chrome on WINDOWS (b14ce2c092182431f27cc4aafe55010c)] -> xpath: //table//tr[3]//td[2]//button]
Session ID: b14ce2c092182431f27cc4aafe55010c
at java.base/jdk.internal.reflect.NativeConstructorAccessorImpl.newInstance0(Native Method)
at java.base/jdk.internal.reflect.NativeConstructorAccessorImpl.newInstance(NativeConstructorAccessorImpl.java:77)
at java.base/jdk.internal.reflect.DelegatingConstructorAccessorImpl.newInstance(DelegatingConstructorAccessorImpl.java:45)
at java.base/java.lang.reflect.Constructor.newInstanceWithCaller(Constructor.java:499)
at java.base/java.lang.reflect.Constructor.newInstance(Constructor.java:480)
at org.openqa.selenium.remote.codec.w3c.W3CHttpResponseCodec.createException(W3CHttpResponseCodec.java:200)
at org.openqa.selenium.remote.codec.w3c.W3CHttpResponseCodec.decode(W3CHttpResponseCodec.java:133)
at org.openqa.selenium.remote.codec.w3c.W3CHttpResponseCodec.decode(W3CHttpResponseCodec.java:53)
at org.openqa.selenium.remote.HttpCommandExecutor.execute(HttpCommandExecutor.java:184)
at org.openqa.selenium.remote.service.DriverCommandExecutor.invokeExecute(DriverCommandExecutor.java:167)
at org.openqa.selenium.remote.service.DriverCommandExecutor.execute(DriverCommandExecutor.java:142)
at org.openqa.selenium.remote.RemoteWebDriver.execute(RemoteWebDriver.java:558)
at org.openqa.selenium.remote.RemoteWebElement.execute(RemoteWebElement.java:251)
at org.openqa.selenium.remote.RemoteWebElement.click(RemoteWebElement.java:77)
at INT.E2EProject.SmokeTest.SOCreation(SmokeTest.java:130)
at java.base/jdk.internal.reflect.NativeMethodAccessorImpl.invoke0(Native Method)
at java.base/jdk.internal.reflect.NativeMethodAccessorImpl.invoke(NativeMethodAccessorImpl.java:77)
at java.base/jdk.internal.reflect.DelegatingMethodAccessorImpl.invoke(DelegatingMethodAccessorImpl.java:43)
at java.base/java.lang.reflect.Method.invoke(Method.java:568)
at org.testng.internal.invokers.MethodInvocationHelper.invokeMethod(MethodInvocationHelper.java:135)
at org.testng.internal.invokers.TestInvoker.invokeMethod(TestInvoker.java:673)
at org.testng.internal.invokers.TestInvoker.invokeTestMethod(TestInvoker.java:220)
at org.testng.internal.invokers.MethodRunner.runInSequence(MethodRunner.java:50)
at org.testng.internal.invokers.TestInvoker$MethodInvocationAgent.invoke(TestInvoker.java:945)
at org.testng.internal.invokers.TestInvoker.invokeTestMethods(TestInvoker.java:193)
at org.testng.internal.invokers.TestMethodWorker.invokeTestMethods(TestMethodWorker.java:146)
at org.testng.internal.invokers.TestMethodWorker.run(TestMethodWorker.java:128)
at java.base/java.util.ArrayList.forEach(ArrayList.java:1511)
at org.testng.TestRunner.privateRun(TestRunner.java:808)
at org.testng.TestRunner.run(TestRunner.java:603)
at org.testng.SuiteRunner.runTest(SuiteRunner.java:429)
at org.testng.SuiteRunner.runSequentially(SuiteRunner.java:423)
at org.testng.SuiteRunner.privateRun(SuiteRunner.java:383)
at org.testng.SuiteRunner.run(SuiteRunner.java:326)
at org.testng.SuiteRunnerWorker.runSuite(SuiteRunnerWorker.java:52)
at org.testng.SuiteRunnerWorker.run(SuiteRunnerWorker.java:95)
at org.testng.TestNG.runSuitesSequentially(TestNG.java:1249)
at org.testng.TestNG.runSuitesLocally(TestNG.java:1169)
at org.testng.TestNG.runSuites(TestNG.java:1092)
at org.testng.TestNG.run(TestNG.java:1060)
at org.testng.remote.AbstractRemoteTestNG.run(AbstractRemoteTestNG.java:115)
at org.testng.remote.RemoteTestNG.initAndRun(RemoteTestNG.java:251)
at org.testng.remote.RemoteTestNG.main(RemoteTestNG.java:77)
]]>
            </full-stacktrace>
          </exception> <!-- org.openqa.selenium.ElementNotInteractableException -->
          <reporter-output>
          </reporter-output>
        </test-method> <!-- SOCreation -->
        <test-method signature="logs()[pri:4, instance:INT.E2EProject.SmokeTest@b09fac1]" started-at="2022-03-29T22:49:41 IST" name="logs" finished-at="2022-03-29T22:49:41 IST" duration-ms="18" status="PASS">
          <reporter-output>
          </reporter-output>
        </test-method> <!-- logs -->
        <test-method is-config="true" signature="DriverQuit()[pri:0, instance:INT.E2EProject.SmokeTest@b09fac1]" started-at="2022-03-29T22:49:41 IST" name="DriverQuit" finished-at="2022-03-29T22:49:41 IST" duration-ms="142" status="PASS">
          <reporter-output>
          </reporter-output>
        </test-method> <!-- DriverQuit -->
      </class> <!-- INT.E2EProject.SmokeTest -->
    </test> <!-- Smoke -->
    <test started-at="2022-03-29T22:49:42 IST" name="Costs" finished-at="2022-03-29T22:50:19 IST" duration-ms="37686">
      <class name="INT.E2EProject.CostsTest">
        <test-method is-config="true" signature="setUp()[pri:0, instance:INT.E2EProject.CostsTest@4163f1cd]" started-at="2022-03-29T22:49:42 IST" name="setUp" finished-at="2022-03-29T22:49:46 IST" duration-ms="4859" status="PASS">
          <reporter-output>
          </reporter-output>
        </test-method> <!-- setUp -->
        <test-method signature="SignIn(java.lang.String,java.lang.String,java.lang.String)[pri:1, instance:INT.E2EProject.CostsTest@4163f1cd]" started-at="2022-03-29T22:49:46 IST" name="SignIn" data-provider="getData" finished-at="2022-03-29T22:49:47 IST" duration-ms="217" status="PASS">
          <params>
            <param index="0">
              <value>
                <![CDATA[anshuma-int]]>
              </value>
            </param>
            <param index="1">
              <value>
                <![CDATA[password@00]]>
              </value>
            </param>
            <param index="2">
              <value>
                <![CDATA[Correct user is loged in]]>
              </value>
            </param>
          </params>
          <reporter-output>
          </reporter-output>
        </test-method> <!-- SignIn -->
        <test-method signature="create()[pri:2, instance:INT.E2EProject.CostsTest@4163f1cd]" started-at="2022-03-29T22:49:47 IST" name="create" finished-at="2022-03-29T22:50:19 IST" duration-ms="32467" status="PASS">
          <reporter-output>
          </reporter-output>
        </test-method> <!-- create -->
        <test-method is-config="true" signature="DriverQuit()[pri:0, instance:INT.E2EProject.CostsTest@4163f1cd]" started-at="2022-03-29T22:50:19 IST" name="DriverQuit" finished-at="2022-03-29T22:50:19 IST" duration-ms="135" status="PASS">
          <reporter-output>
          </reporter-output>
        </test-method> <!-- DriverQuit -->
      </class> <!-- INT.E2EProject.CostsTest -->
    </test> <!-- Costs -->
  </suite> <!-- Suite -->
</testng-results>
